#
# A fatal error has been detected by the Java Runtime Environment:
#
#  SIGSEGV (0xb) at pc=0x00007da3658cff7b, pid=1346991, tid=1347028
#
# JRE version: OpenJDK Runtime Environment (21.0.7+6) (build 21.0.7+6-Ubuntu-0ubuntu124.04)
# Java VM: OpenJDK 64-Bit Server VM (21.0.7+6-Ubuntu-0ubuntu124.04, mixed mode, sharing, tiered, compressed oops, compressed class ptrs, g1 gc, linux-amd64)
# Problematic frame:
# C  [libstdc++.so.6+0xcff7b]  std::__detail::_List_node_base::_M_unhook()+0xb
#
# Core dump will be written. Default location: Core dumps may be processed with "/usr/share/apport/apport -p%p -s%s -c%c -d%d -P%P -u%u -g%g -F%F -- %E" (or dumping to /home/jonas/workspaceJavaEE/tinyB-gradle-demo2/core.1346991)
#
# If you would like to submit a bug report, please visit:
#   https://bugs.launchpad.net/ubuntu/+source/openjdk-21
#

---------------  S U M M A R Y ------------

Command Line: -Dfile.encoding=UTF-8 -Duser.country=NZ -Duser.language=en -Duser.variant org.example.Main D0:91:68:1B:20:E8

Host: Intel(R) Core(TM) i5-4460  CPU @ 3.20GHz, 4 cores, 15G, Ubuntu 24.04.2 LTS
Time: Sat Jul 12 12:49:21 2025 NZST elapsed time: 2.245168 seconds (0d 0h 0m 2s)

---------------  T H R E A D  ---------------

Current thread is native thread

Stack: [0x00007da2e17fe000,0x00007da2e1ffe000],  sp=0x00007da2e1ffbc68,  free space=8183k
Native frames: (J=compiled Java code, j=interpreted, Vv=VM code, C=native code)
C  [libstdc++.so.6+0xcff7b]  std::__detail::_List_node_base::_M_unhook()+0xb
C  [libtinyb.so.0.5.1+0x7eb59]  std::__cxx11::list<std::shared_ptr<tinyb::BluetoothEvent>, std::allocator<std::shared_ptr<tinyb::BluetoothEvent> > >::erase(std::_List_const_iterator<std::shared_ptr<tinyb::BluetoothEvent> >)+0x57
C  [libtinyb.so.0.5.1+0x7c11d]  tinyb::BluetoothManager::handle_event(tinyb::BluetoothType, std::__cxx11::basic_string<char, std::char_traits<char>, std::allocator<char> >*, std::__cxx11::basic_string<char, std::char_traits<char>, std::allocator<char> >*, tinyb::BluetoothObject*, tinyb::BluetoothObject&)+0x283
C  [libtinyb.so.0.5.1+0x7d591]  tinyb::BluetoothEventManager::on_interface_added(_GDBusObject*, _GDBusInterface*, void*)+0x60b
C  [libtinyb.so.0.5.1+0x7da2e]  tinyb::BluetoothEventManager::on_object_added(_GDBusObjectManager*, _GDBusObject*, void*)+0x4c
C  [libgobject-2.0.so.0+0x152fa]  g_closure_invoke+0x14a
C  [libgobject-2.0.so.0+0x4490c]
C  [libgobject-2.0.so.0+0x35591]
C  [libgobject-2.0.so.0+0x35a98]  g_signal_emit_by_name+0x1f8
C  [libgio-2.0.so.0+0x12d36c]
C  [libgio-2.0.so.0+0x12d56f]
C  [libgobject-2.0.so.0+0x152fa]  g_closure_invoke+0x14a
C  [libgobject-2.0.so.0+0x4490c]
C  [libgobject-2.0.so.0+0x35591]
C  [libgobject-2.0.so.0+0x357c1]  g_signal_emit_valist+0x41
C  [libgobject-2.0.so.0+0x35883]  g_signal_emit+0x93
C  [libgio-2.0.so.0+0x11ed6b]
C  [libgio-2.0.so.0+0x108a10]
C  [libglib-2.0.so.0+0x5d49e]
C  [libglib-2.0.so.0+0xbc737]
C  [libglib-2.0.so.0+0x5df87]  g_main_loop_run+0x127
C  [libtinyb.so.0.5.1+0x7c206]  init_manager_thread(void*)+0x8d
C  [libglib-2.0.so.0+0x8bd92]
C  [libc.so.6+0x9caa4]

siginfo: si_signo: 11 (SIGSEGV), si_code: 128 (SI_KERNEL), si_addr: 0x0000000000000000

Registers:
RAX=0x0000000000000000, RBX=0x00007da33512dfe0, RCX=0x0000000000000004, RDX=0x65670007ef3d0001
RSP=0x00007da2e1ffbc68, RBP=0x00007da2e1ffbcc0, RSI=0x0000000000000001, RDI=0x00007da3601da040
R8 =0x00007da3601d26f0, R9 =0x00007da3601d2710, R10=0x00007da36581bac8, R11=0x00007da3658cff70
R12=0x00007da2a4000ce0, R13=0x0000000000000001, R14=0x00007da2e1ffc160, R15=0x00007da344078110
RIP=0x00007da3658cff7b, EFLAGS=0x0000000000010202, CSGSFS=0x002b000000000033, ERR=0x0000000000000000
  TRAPNO=0x000000000000000d

XMM[0]=0x0000000000000000 0x0000000000000000
XMM[1]=0xffffffffffffffff 0xffffffffffffffff
XMM[2]=0x0000000000000000 0x0000000000000000
XMM[3]=0x0000000000000000 0x0000000000000000
XMM[4]=0x0000000000000000 0x00007da2a4000090
XMM[5]=0x00007da334db7460 0x00007da334db5c80
XMM[6]=0x0000000000000000 0x0000000000000000
XMM[7]=0x0000000f006f0101 0x0000006700000000
XMM[8]=0x00007da3601d7900 0x00007da3601be490
XMM[9]=0x2000202000000000 0x0000000000000000
XMM[10]=0x3f3f3f3f3f3f3f3f 0x3f3f3f3f3f3f3f3f
XMM[11]=0x9999999999999999 0x9999999999999999
XMM[12]=0x2020202020202020 0x2020202020202020
XMM[13]=0x0000000000000000 0x0000000000000000
XMM[14]=0x0000000000000000 0x0000000000000000
XMM[15]=0x0000000000000000 0x0000000000000000
  MXCSR=0x00001fa2


Top of Stack: (sp=0x00007da2e1ffbc68)
0x00007da2e1ffbc68:   00007da3350d1c84 00007da3601da040
0x00007da2e1ffbc78:   00007da33512dfe0 00007da3601da040
0x00007da2e1ffbc88:   00007da2e1ffbcb0 00007da2e1ffbcc0
0x00007da2e1ffbc98:   00007da3350ccb61 0000000000000000
0x00007da2e1ffbca8:   00007da2e1ffbcd0 00007da33512dfe0
0x00007da2e1ffbcb8:   00007da33512dfe0 00007da2e1ffbcf0
0x00007da2e1ffbcc8:   00007da3350d0b59 00007da3601da040
0x00007da2e1ffbcd8:   00007da33512dfe0 0000000000000000
0x00007da2e1ffbce8:   bc518df45c83b900 00007da2e1ffbd60
0x00007da2e1ffbcf8:   00007da3350ce11d 00007da2a40071e0
0x00007da2e1ffbd08:   00007da2e1ffbe70 00007da2e1ffbe50
0x00007da2e1ffbd18:   00007da2e1ffbe30 00000002a40071e0
0x00007da2e1ffbd28:   00007da33512dfa0 00007da2a4007068
0x00007da2e1ffbd38:   00007da3601da040 00007da3601da040
0x00007da2e1ffbd48:   bc518df45c83b900 00007da2a40071e0
0x00007da2e1ffbd58:   00007da2a40071e0 00007da2e1ffbfe0
0x00007da2e1ffbd68:   00007da3350cf591 00007da344078110
0x00007da2e1ffbd78:   0000000000000000 00007da2a4005c30
0x00007da2e1ffbd88:   00007da2a4005c90 0000000000000000
0x00007da2e1ffbd98:   0000000100000000 00000002e1ffbde0
0x00007da2e1ffbda8:   00007da3351289e0 00007da33512dfa0
0x00007da2e1ffbdb8:   00007da2a4005c30 00007da3601d1d50
0x00007da2e1ffbdc8:   00007da2a4005c30 00007da3601d1e20
0x00007da2e1ffbdd8:   00007da2a4005c30 00007da3601d43d0
0x00007da2e1ffbde8:   00007da2a4005c30 00007da3601bda50
0x00007da2e1ffbdf8:   0000000000000000 00007da3601bcdc0
0x00007da2e1ffbe08:   0000000000000000 00007da2a40071e0
0x00007da2e1ffbe18:   0000000000000010 00007da2e1ffbe40
0x00007da2e1ffbe28:   bc518df45c83b900 00007da2a4005e30
0x00007da2e1ffbe38:   0000000000000010 0000000000000010
0x00007da2e1ffbe48:   00007da3601c27d0 00007da2a4006bc0
0x00007da2e1ffbe58:   0000000000000011 0000000000000011 

Instructions: (pc=0x00007da3658cff7b)
0x00007da3658cfe7b:   c3 0f 1f 40 00 48 39 d6 74 2b 48 8b 4e 08 66 48
0x00007da3658cfe8b:   0f 6e c2 66 48 0f 6e d1 66 0f 6c c2 0f 11 00 66
0x00007da3658cfe9b:   48 0f 6e c6 48 89 01 48 8b 10 66 0f 6c c0 48 89
0x00007da3658cfeab:   42 08 0f 11 06 c3 66 2e 0f 1f 84 00 00 00 00 00
0x00007da3658cfebb:   0f 1f 44 00 00 f3 0f 1e fa 48 39 d7 74 25 48 8b
0x00007da3658cfecb:   4a 08 48 8b 46 08 48 89 39 48 89 10 48 8b 47 08
0x00007da3658cfedb:   48 89 30 48 89 4f 08 48 8b 4e 08 48 89 4a 08 48
0x00007da3658cfeeb:   89 46 08 c3 66 2e 0f 1f 84 00 00 00 00 00 0f 1f
0x00007da3658cfefb:   80 00 00 00 00 f3 0f 1e fa 48 89 f8 66 66 2e 0f
0x00007da3658cff0b:   1f 84 00 00 00 00 00 66 66 2e 0f 1f 84 00 00 00
0x00007da3658cff1b:   00 00 0f 1f 00 f3 0f 6f 00 48 89 c2 48 8b 00 66
0x00007da3658cff2b:   0f c6 c0 01 0f 11 02 48 39 c7 75 e9 c3 0f 1f 84
0x00007da3658cff3b:   00 00 00 00 00 f3 0f 1e fa 48 8b 46 08 66 48 0f
0x00007da3658cff4b:   6e c6 66 48 0f 6e c8 66 0f 6c c1 0f 11 07 48 89
0x00007da3658cff5b:   38 48 89 7e 08 c3 66 2e 0f 1f 84 00 00 00 00 00
0x00007da3658cff6b:   0f 1f 44 00 00 f3 0f 1e fa 48 8b 07 48 8b 57 08
0x00007da3658cff7b:   48 89 02 48 89 50 08 c3 66 2e 0f 1f 84 00 00 00
0x00007da3658cff8b:   00 00 0f 1f 00 f3 0f 1e fa 48 8b 07 48 8b 16 48
0x00007da3658cff9b:   39 f8 74 71 48 39 d6 74 3c 48 89 17 48 8b 56 08
0x00007da3658cffab:   48 89 06 48 8b 47 08 48 89 57 08 48 89 46 08 48
0x00007da3658cffbb:   8b 47 08 48 89 38 48 8b 07 48 89 78 08 48 8b 46
0x00007da3658cffcb:   08 48 89 30 48 8b 06 48 89 70 08 c3 66 0f 1f 84
0x00007da3658cffdb:   00 00 00 00 00 48 8b 57 08 66 48 0f 6e c0 66 48
0x00007da3658cffeb:   0f 6e ca 66 0f 6c c1 0f 11 06 66 48 0f 6e c7 48
0x00007da3658cfffb:   89 32 48 8b 06 66 0f 6c c0 48 89 70 08 0f 11 07
0x00007da3658d000b:   c3 0f 1f 40 00 48 39 d6 74 2b 48 8b 4e 08 66 48
0x00007da3658d001b:   0f 6e c2 66 48 0f 6e d1 66 0f 6c c2 0f 11 00 66
0x00007da3658d002b:   48 0f 6e c6 48 89 01 48 8b 10 66 0f 6c c0 48 89
0x00007da3658d003b:   42 08 0f 11 06 c3 66 2e 0f 1f 84 00 00 00 00 00
0x00007da3658d004b:   0f 1f 44 00 00 f3 0f 1e fa 48 39 d7 74 25 48 8b
0x00007da3658d005b:   4a 08 48 8b 46 08 48 89 39 48 89 10 48 8b 47 08
0x00007da3658d006b:   48 89 30 48 89 4f 08 48 8b 4e 08 48 89 4a 08 48 



---------------  P R O C E S S  ---------------

VM state: not at safepoint (normal execution)

VM Mutex/Monitor currently owned by a thread: None

Heap address: 0x0000000707200000, size: 3982 MB, Compressed Oops mode: Zero based, Oop shift amount: 3

CDS archive(s) mapped at: [0x00007da2e7000000-0x00007da2e7c97000-0x00007da2e7c97000), size 13201408, SharedBaseAddress: 0x00007da2e7000000, ArchiveRelocationMode: 1.
Compressed class space mapped at: 0x00007da2e8000000-0x00007da328000000, reserved size: 1073741824
Narrow klass base: 0x00007da2e7000000, Narrow klass shift: 0, Narrow klass range: 0x100000000

GC Precious Log:
<Skipped>

Heap:
 garbage-first heap   total 258048K, used 2302K [0x0000000707200000, 0x0000000800000000)
  region size 2048K, 1 young (2048K), 0 survivors (0K)
 Metaspace       used 297K, committed 448K, reserved 1114112K
  class space    used 24K, committed 128K, reserved 1048576K

Heap Regions: E=young(eden), S=young(survivor), O=old, HS=humongous(starts), HC=humongous(continues), CS=collection set, F=free, TAMS=top-at-mark-start, PB=parsable bottom
|   0|0x0000000707200000, 0x0000000707200000, 0x0000000707400000|  0%| F|  |TAMS 0x0000000707200000| PB 0x0000000707200000| Untracked 
|   1|0x0000000707400000, 0x0000000707400000, 0x0000000707600000|  0%| F|  |TAMS 0x0000000707400000| PB 0x0000000707400000| Untracked 
|   2|0x0000000707600000, 0x0000000707600000, 0x0000000707800000|  0%| F|  |TAMS 0x0000000707600000| PB 0x0000000707600000| Untracked 
|   3|0x0000000707800000, 0x0000000707800000, 0x0000000707a00000|  0%| F|  |TAMS 0x0000000707800000| PB 0x0000000707800000| Untracked 
|   4|0x0000000707a00000, 0x0000000707a00000, 0x0000000707c00000|  0%| F|  |TAMS 0x0000000707a00000| PB 0x0000000707a00000| Untracked 
|   5|0x0000000707c00000, 0x0000000707c00000, 0x0000000707e00000|  0%| F|  |TAMS 0x0000000707c00000| PB 0x0000000707c00000| Untracked 
|   6|0x0000000707e00000, 0x0000000707e00000, 0x0000000708000000|  0%| F|  |TAMS 0x0000000707e00000| PB 0x0000000707e00000| Untracked 
|   7|0x0000000708000000, 0x0000000708000000, 0x0000000708200000|  0%| F|  |TAMS 0x0000000708000000| PB 0x0000000708000000| Untracked 
|   8|0x0000000708200000, 0x0000000708200000, 0x0000000708400000|  0%| F|  |TAMS 0x0000000708200000| PB 0x0000000708200000| Untracked 
|   9|0x0000000708400000, 0x0000000708400000, 0x0000000708600000|  0%| F|  |TAMS 0x0000000708400000| PB 0x0000000708400000| Untracked 
|  10|0x0000000708600000, 0x0000000708600000, 0x0000000708800000|  0%| F|  |TAMS 0x0000000708600000| PB 0x0000000708600000| Untracked 
|  11|0x0000000708800000, 0x0000000708800000, 0x0000000708a00000|  0%| F|  |TAMS 0x0000000708800000| PB 0x0000000708800000| Untracked 
|  12|0x0000000708a00000, 0x0000000708a00000, 0x0000000708c00000|  0%| F|  |TAMS 0x0000000708a00000| PB 0x0000000708a00000| Untracked 
|  13|0x0000000708c00000, 0x0000000708c00000, 0x0000000708e00000|  0%| F|  |TAMS 0x0000000708c00000| PB 0x0000000708c00000| Untracked 
|  14|0x0000000708e00000, 0x0000000708e00000, 0x0000000709000000|  0%| F|  |TAMS 0x0000000708e00000| PB 0x0000000708e00000| Untracked 
|  15|0x0000000709000000, 0x0000000709000000, 0x0000000709200000|  0%| F|  |TAMS 0x0000000709000000| PB 0x0000000709000000| Untracked 
|  16|0x0000000709200000, 0x0000000709200000, 0x0000000709400000|  0%| F|  |TAMS 0x0000000709200000| PB 0x0000000709200000| Untracked 
|  17|0x0000000709400000, 0x0000000709400000, 0x0000000709600000|  0%| F|  |TAMS 0x0000000709400000| PB 0x0000000709400000| Untracked 
|  18|0x0000000709600000, 0x0000000709600000, 0x0000000709800000|  0%| F|  |TAMS 0x0000000709600000| PB 0x0000000709600000| Untracked 
|  19|0x0000000709800000, 0x0000000709800000, 0x0000000709a00000|  0%| F|  |TAMS 0x0000000709800000| PB 0x0000000709800000| Untracked 
|  20|0x0000000709a00000, 0x0000000709a00000, 0x0000000709c00000|  0%| F|  |TAMS 0x0000000709a00000| PB 0x0000000709a00000| Untracked 
|  21|0x0000000709c00000, 0x0000000709c00000, 0x0000000709e00000|  0%| F|  |TAMS 0x0000000709c00000| PB 0x0000000709c00000| Untracked 
|  22|0x0000000709e00000, 0x0000000709e00000, 0x000000070a000000|  0%| F|  |TAMS 0x0000000709e00000| PB 0x0000000709e00000| Untracked 
|  23|0x000000070a000000, 0x000000070a000000, 0x000000070a200000|  0%| F|  |TAMS 0x000000070a000000| PB 0x000000070a000000| Untracked 
|  24|0x000000070a200000, 0x000000070a200000, 0x000000070a400000|  0%| F|  |TAMS 0x000000070a200000| PB 0x000000070a200000| Untracked 
|  25|0x000000070a400000, 0x000000070a400000, 0x000000070a600000|  0%| F|  |TAMS 0x000000070a400000| PB 0x000000070a400000| Untracked 
|  26|0x000000070a600000, 0x000000070a600000, 0x000000070a800000|  0%| F|  |TAMS 0x000000070a600000| PB 0x000000070a600000| Untracked 
|  27|0x000000070a800000, 0x000000070a800000, 0x000000070aa00000|  0%| F|  |TAMS 0x000000070a800000| PB 0x000000070a800000| Untracked 
|  28|0x000000070aa00000, 0x000000070aa00000, 0x000000070ac00000|  0%| F|  |TAMS 0x000000070aa00000| PB 0x000000070aa00000| Untracked 
|  29|0x000000070ac00000, 0x000000070ac00000, 0x000000070ae00000|  0%| F|  |TAMS 0x000000070ac00000| PB 0x000000070ac00000| Untracked 
|  30|0x000000070ae00000, 0x000000070ae00000, 0x000000070b000000|  0%| F|  |TAMS 0x000000070ae00000| PB 0x000000070ae00000| Untracked 
|  31|0x000000070b000000, 0x000000070b000000, 0x000000070b200000|  0%| F|  |TAMS 0x000000070b000000| PB 0x000000070b000000| Untracked 
|  32|0x000000070b200000, 0x000000070b200000, 0x000000070b400000|  0%| F|  |TAMS 0x000000070b200000| PB 0x000000070b200000| Untracked 
|  33|0x000000070b400000, 0x000000070b400000, 0x000000070b600000|  0%| F|  |TAMS 0x000000070b400000| PB 0x000000070b400000| Untracked 
|  34|0x000000070b600000, 0x000000070b600000, 0x000000070b800000|  0%| F|  |TAMS 0x000000070b600000| PB 0x000000070b600000| Untracked 
|  35|0x000000070b800000, 0x000000070b800000, 0x000000070ba00000|  0%| F|  |TAMS 0x000000070b800000| PB 0x000000070b800000| Untracked 
|  36|0x000000070ba00000, 0x000000070ba00000, 0x000000070bc00000|  0%| F|  |TAMS 0x000000070ba00000| PB 0x000000070ba00000| Untracked 
|  37|0x000000070bc00000, 0x000000070bc00000, 0x000000070be00000|  0%| F|  |TAMS 0x000000070bc00000| PB 0x000000070bc00000| Untracked 
|  38|0x000000070be00000, 0x000000070be00000, 0x000000070c000000|  0%| F|  |TAMS 0x000000070be00000| PB 0x000000070be00000| Untracked 
|  39|0x000000070c000000, 0x000000070c000000, 0x000000070c200000|  0%| F|  |TAMS 0x000000070c000000| PB 0x000000070c000000| Untracked 
|  40|0x000000070c200000, 0x000000070c200000, 0x000000070c400000|  0%| F|  |TAMS 0x000000070c200000| PB 0x000000070c200000| Untracked 
|  41|0x000000070c400000, 0x000000070c400000, 0x000000070c600000|  0%| F|  |TAMS 0x000000070c400000| PB 0x000000070c400000| Untracked 
|  42|0x000000070c600000, 0x000000070c600000, 0x000000070c800000|  0%| F|  |TAMS 0x000000070c600000| PB 0x000000070c600000| Untracked 
|  43|0x000000070c800000, 0x000000070c800000, 0x000000070ca00000|  0%| F|  |TAMS 0x000000070c800000| PB 0x000000070c800000| Untracked 
|  44|0x000000070ca00000, 0x000000070ca00000, 0x000000070cc00000|  0%| F|  |TAMS 0x000000070ca00000| PB 0x000000070ca00000| Untracked 
|  45|0x000000070cc00000, 0x000000070cc00000, 0x000000070ce00000|  0%| F|  |TAMS 0x000000070cc00000| PB 0x000000070cc00000| Untracked 
|  46|0x000000070ce00000, 0x000000070ce00000, 0x000000070d000000|  0%| F|  |TAMS 0x000000070ce00000| PB 0x000000070ce00000| Untracked 
|  47|0x000000070d000000, 0x000000070d000000, 0x000000070d200000|  0%| F|  |TAMS 0x000000070d000000| PB 0x000000070d000000| Untracked 
|  48|0x000000070d200000, 0x000000070d200000, 0x000000070d400000|  0%| F|  |TAMS 0x000000070d200000| PB 0x000000070d200000| Untracked 
|  49|0x000000070d400000, 0x000000070d400000, 0x000000070d600000|  0%| F|  |TAMS 0x000000070d400000| PB 0x000000070d400000| Untracked 
|  50|0x000000070d600000, 0x000000070d600000, 0x000000070d800000|  0%| F|  |TAMS 0x000000070d600000| PB 0x000000070d600000| Untracked 
|  51|0x000000070d800000, 0x000000070d800000, 0x000000070da00000|  0%| F|  |TAMS 0x000000070d800000| PB 0x000000070d800000| Untracked 
|  52|0x000000070da00000, 0x000000070da00000, 0x000000070dc00000|  0%| F|  |TAMS 0x000000070da00000| PB 0x000000070da00000| Untracked 
|  53|0x000000070dc00000, 0x000000070dc00000, 0x000000070de00000|  0%| F|  |TAMS 0x000000070dc00000| PB 0x000000070dc00000| Untracked 
|  54|0x000000070de00000, 0x000000070de00000, 0x000000070e000000|  0%| F|  |TAMS 0x000000070de00000| PB 0x000000070de00000| Untracked 
|  55|0x000000070e000000, 0x000000070e000000, 0x000000070e200000|  0%| F|  |TAMS 0x000000070e000000| PB 0x000000070e000000| Untracked 
|  56|0x000000070e200000, 0x000000070e200000, 0x000000070e400000|  0%| F|  |TAMS 0x000000070e200000| PB 0x000000070e200000| Untracked 
|  57|0x000000070e400000, 0x000000070e400000, 0x000000070e600000|  0%| F|  |TAMS 0x000000070e400000| PB 0x000000070e400000| Untracked 
|  58|0x000000070e600000, 0x000000070e600000, 0x000000070e800000|  0%| F|  |TAMS 0x000000070e600000| PB 0x000000070e600000| Untracked 
|  59|0x000000070e800000, 0x000000070e800000, 0x000000070ea00000|  0%| F|  |TAMS 0x000000070e800000| PB 0x000000070e800000| Untracked 
|  60|0x000000070ea00000, 0x000000070ea00000, 0x000000070ec00000|  0%| F|  |TAMS 0x000000070ea00000| PB 0x000000070ea00000| Untracked 
|  61|0x000000070ec00000, 0x000000070ec00000, 0x000000070ee00000|  0%| F|  |TAMS 0x000000070ec00000| PB 0x000000070ec00000| Untracked 
|  62|0x000000070ee00000, 0x000000070ee00000, 0x000000070f000000|  0%| F|  |TAMS 0x000000070ee00000| PB 0x000000070ee00000| Untracked 
|  63|0x000000070f000000, 0x000000070f000000, 0x000000070f200000|  0%| F|  |TAMS 0x000000070f000000| PB 0x000000070f000000| Untracked 
|  64|0x000000070f200000, 0x000000070f200000, 0x000000070f400000|  0%| F|  |TAMS 0x000000070f200000| PB 0x000000070f200000| Untracked 
|  65|0x000000070f400000, 0x000000070f400000, 0x000000070f600000|  0%| F|  |TAMS 0x000000070f400000| PB 0x000000070f400000| Untracked 
|  66|0x000000070f600000, 0x000000070f600000, 0x000000070f800000|  0%| F|  |TAMS 0x000000070f600000| PB 0x000000070f600000| Untracked 
|  67|0x000000070f800000, 0x000000070f800000, 0x000000070fa00000|  0%| F|  |TAMS 0x000000070f800000| PB 0x000000070f800000| Untracked 
|  68|0x000000070fa00000, 0x000000070fa00000, 0x000000070fc00000|  0%| F|  |TAMS 0x000000070fa00000| PB 0x000000070fa00000| Untracked 
|  69|0x000000070fc00000, 0x000000070fc00000, 0x000000070fe00000|  0%| F|  |TAMS 0x000000070fc00000| PB 0x000000070fc00000| Untracked 
|  70|0x000000070fe00000, 0x000000070fe00000, 0x0000000710000000|  0%| F|  |TAMS 0x000000070fe00000| PB 0x000000070fe00000| Untracked 
|  71|0x0000000710000000, 0x0000000710000000, 0x0000000710200000|  0%| F|  |TAMS 0x0000000710000000| PB 0x0000000710000000| Untracked 
|  72|0x0000000710200000, 0x0000000710200000, 0x0000000710400000|  0%| F|  |TAMS 0x0000000710200000| PB 0x0000000710200000| Untracked 
|  73|0x0000000710400000, 0x0000000710400000, 0x0000000710600000|  0%| F|  |TAMS 0x0000000710400000| PB 0x0000000710400000| Untracked 
|  74|0x0000000710600000, 0x0000000710600000, 0x0000000710800000|  0%| F|  |TAMS 0x0000000710600000| PB 0x0000000710600000| Untracked 
|  75|0x0000000710800000, 0x0000000710800000, 0x0000000710a00000|  0%| F|  |TAMS 0x0000000710800000| PB 0x0000000710800000| Untracked 
|  76|0x0000000710a00000, 0x0000000710a00000, 0x0000000710c00000|  0%| F|  |TAMS 0x0000000710a00000| PB 0x0000000710a00000| Untracked 
|  77|0x0000000710c00000, 0x0000000710c00000, 0x0000000710e00000|  0%| F|  |TAMS 0x0000000710c00000| PB 0x0000000710c00000| Untracked 
|  78|0x0000000710e00000, 0x0000000710e00000, 0x0000000711000000|  0%| F|  |TAMS 0x0000000710e00000| PB 0x0000000710e00000| Untracked 
|  79|0x0000000711000000, 0x0000000711000000, 0x0000000711200000|  0%| F|  |TAMS 0x0000000711000000| PB 0x0000000711000000| Untracked 
|  80|0x0000000711200000, 0x0000000711200000, 0x0000000711400000|  0%| F|  |TAMS 0x0000000711200000| PB 0x0000000711200000| Untracked 
|  81|0x0000000711400000, 0x0000000711400000, 0x0000000711600000|  0%| F|  |TAMS 0x0000000711400000| PB 0x0000000711400000| Untracked 
|  82|0x0000000711600000, 0x0000000711600000, 0x0000000711800000|  0%| F|  |TAMS 0x0000000711600000| PB 0x0000000711600000| Untracked 
|  83|0x0000000711800000, 0x0000000711800000, 0x0000000711a00000|  0%| F|  |TAMS 0x0000000711800000| PB 0x0000000711800000| Untracked 
|  84|0x0000000711a00000, 0x0000000711a00000, 0x0000000711c00000|  0%| F|  |TAMS 0x0000000711a00000| PB 0x0000000711a00000| Untracked 
|  85|0x0000000711c00000, 0x0000000711c00000, 0x0000000711e00000|  0%| F|  |TAMS 0x0000000711c00000| PB 0x0000000711c00000| Untracked 
|  86|0x0000000711e00000, 0x0000000711e00000, 0x0000000712000000|  0%| F|  |TAMS 0x0000000711e00000| PB 0x0000000711e00000| Untracked 
|  87|0x0000000712000000, 0x0000000712000000, 0x0000000712200000|  0%| F|  |TAMS 0x0000000712000000| PB 0x0000000712000000| Untracked 
|  88|0x0000000712200000, 0x0000000712200000, 0x0000000712400000|  0%| F|  |TAMS 0x0000000712200000| PB 0x0000000712200000| Untracked 
|  89|0x0000000712400000, 0x0000000712400000, 0x0000000712600000|  0%| F|  |TAMS 0x0000000712400000| PB 0x0000000712400000| Untracked 
|  90|0x0000000712600000, 0x0000000712600000, 0x0000000712800000|  0%| F|  |TAMS 0x0000000712600000| PB 0x0000000712600000| Untracked 
|  91|0x0000000712800000, 0x0000000712800000, 0x0000000712a00000|  0%| F|  |TAMS 0x0000000712800000| PB 0x0000000712800000| Untracked 
|  92|0x0000000712a00000, 0x0000000712a00000, 0x0000000712c00000|  0%| F|  |TAMS 0x0000000712a00000| PB 0x0000000712a00000| Untracked 
|  93|0x0000000712c00000, 0x0000000712c00000, 0x0000000712e00000|  0%| F|  |TAMS 0x0000000712c00000| PB 0x0000000712c00000| Untracked 
|  94|0x0000000712e00000, 0x0000000712e00000, 0x0000000713000000|  0%| F|  |TAMS 0x0000000712e00000| PB 0x0000000712e00000| Untracked 
|  95|0x0000000713000000, 0x0000000713000000, 0x0000000713200000|  0%| F|  |TAMS 0x0000000713000000| PB 0x0000000713000000| Untracked 
|  96|0x0000000713200000, 0x0000000713200000, 0x0000000713400000|  0%| F|  |TAMS 0x0000000713200000| PB 0x0000000713200000| Untracked 
|  97|0x0000000713400000, 0x0000000713400000, 0x0000000713600000|  0%| F|  |TAMS 0x0000000713400000| PB 0x0000000713400000| Untracked 
|  98|0x0000000713600000, 0x0000000713600000, 0x0000000713800000|  0%| F|  |TAMS 0x0000000713600000| PB 0x0000000713600000| Untracked 
|  99|0x0000000713800000, 0x0000000713800000, 0x0000000713a00000|  0%| F|  |TAMS 0x0000000713800000| PB 0x0000000713800000| Untracked 
| 100|0x0000000713a00000, 0x0000000713a00000, 0x0000000713c00000|  0%| F|  |TAMS 0x0000000713a00000| PB 0x0000000713a00000| Untracked 
| 101|0x0000000713c00000, 0x0000000713c00000, 0x0000000713e00000|  0%| F|  |TAMS 0x0000000713c00000| PB 0x0000000713c00000| Untracked 
| 102|0x0000000713e00000, 0x0000000713e00000, 0x0000000714000000|  0%| F|  |TAMS 0x0000000713e00000| PB 0x0000000713e00000| Untracked 
| 103|0x0000000714000000, 0x0000000714000000, 0x0000000714200000|  0%| F|  |TAMS 0x0000000714000000| PB 0x0000000714000000| Untracked 
| 104|0x0000000714200000, 0x0000000714200000, 0x0000000714400000|  0%| F|  |TAMS 0x0000000714200000| PB 0x0000000714200000| Untracked 
| 105|0x0000000714400000, 0x0000000714400000, 0x0000000714600000|  0%| F|  |TAMS 0x0000000714400000| PB 0x0000000714400000| Untracked 
| 106|0x0000000714600000, 0x0000000714600000, 0x0000000714800000|  0%| F|  |TAMS 0x0000000714600000| PB 0x0000000714600000| Untracked 
| 107|0x0000000714800000, 0x0000000714800000, 0x0000000714a00000|  0%| F|  |TAMS 0x0000000714800000| PB 0x0000000714800000| Untracked 
| 108|0x0000000714a00000, 0x0000000714a00000, 0x0000000714c00000|  0%| F|  |TAMS 0x0000000714a00000| PB 0x0000000714a00000| Untracked 
| 109|0x0000000714c00000, 0x0000000714c00000, 0x0000000714e00000|  0%| F|  |TAMS 0x0000000714c00000| PB 0x0000000714c00000| Untracked 
| 110|0x0000000714e00000, 0x0000000714e00000, 0x0000000715000000|  0%| F|  |TAMS 0x0000000714e00000| PB 0x0000000714e00000| Untracked 
| 111|0x0000000715000000, 0x0000000715000000, 0x0000000715200000|  0%| F|  |TAMS 0x0000000715000000| PB 0x0000000715000000| Untracked 
| 112|0x0000000715200000, 0x0000000715200000, 0x0000000715400000|  0%| F|  |TAMS 0x0000000715200000| PB 0x0000000715200000| Untracked 
| 113|0x0000000715400000, 0x0000000715400000, 0x0000000715600000|  0%| F|  |TAMS 0x0000000715400000| PB 0x0000000715400000| Untracked 
| 114|0x0000000715600000, 0x0000000715600000, 0x0000000715800000|  0%| F|  |TAMS 0x0000000715600000| PB 0x0000000715600000| Untracked 
| 115|0x0000000715800000, 0x0000000715800000, 0x0000000715a00000|  0%| F|  |TAMS 0x0000000715800000| PB 0x0000000715800000| Untracked 
| 116|0x0000000715a00000, 0x0000000715a00000, 0x0000000715c00000|  0%| F|  |TAMS 0x0000000715a00000| PB 0x0000000715a00000| Untracked 
| 117|0x0000000715c00000, 0x0000000715c00000, 0x0000000715e00000|  0%| F|  |TAMS 0x0000000715c00000| PB 0x0000000715c00000| Untracked 
| 118|0x0000000715e00000, 0x0000000715e00000, 0x0000000716000000|  0%| F|  |TAMS 0x0000000715e00000| PB 0x0000000715e00000| Untracked 
| 119|0x0000000716000000, 0x0000000716000000, 0x0000000716200000|  0%| F|  |TAMS 0x0000000716000000| PB 0x0000000716000000| Untracked 
| 120|0x0000000716200000, 0x0000000716200000, 0x0000000716400000|  0%| F|  |TAMS 0x0000000716200000| PB 0x0000000716200000| Untracked 
| 121|0x0000000716400000, 0x0000000716400000, 0x0000000716600000|  0%| F|  |TAMS 0x0000000716400000| PB 0x0000000716400000| Untracked 
| 122|0x0000000716600000, 0x0000000716600000, 0x0000000716800000|  0%| F|  |TAMS 0x0000000716600000| PB 0x0000000716600000| Untracked 
| 123|0x0000000716800000, 0x0000000716800000, 0x0000000716a00000|  0%| F|  |TAMS 0x0000000716800000| PB 0x0000000716800000| Untracked 
| 124|0x0000000716a00000, 0x0000000716b33398, 0x0000000716c00000| 60%| E|  |TAMS 0x0000000716a00000| PB 0x0000000716a00000| Complete 
|1990|0x00000007ffe00000, 0x00000007fff0c7c0, 0x0000000800000000| 52%| O|  |TAMS 0x00000007ffe00000| PB 0x00000007ffe00000| Untracked 

Card table byte_map: [0x00007da364298000,0x00007da364a5f000] _byte_map_base: 0x00007da360a5f000

Marking Bits: (CMBitMap*) 0x00007da360082280
 Bits: [0x00007da3449c8000, 0x00007da348800000)

Polling page: 0x00007da36755e000

Metaspace:

Usage:
  Non-class:    273.71 KB used.
      Class:     24.10 KB used.
       Both:    297.81 KB used.

Virtual space:
  Non-class space:       64.00 MB reserved,     320.00 KB ( <1%) committed,  1 nodes.
      Class space:        1.00 GB reserved,     128.00 KB ( <1%) committed,  1 nodes.
             Both:        1.06 GB reserved,     448.00 KB ( <1%) committed. 

Chunk freelists:
   Non-Class:  11.95 MB
       Class:  15.73 MB
        Both:  27.68 MB

MaxMetaspaceSize: unlimited
CompressedClassSpaceSize: 1.00 GB
Initial GC threshold: 21.00 MB
Current GC threshold: 21.00 MB
CDS: on
 - commit_granule_bytes: 65536.
 - commit_granule_words: 8192.
 - virtual_space_node_default_size: 8388608.
 - enlarge_chunks_in_place: 1.
 - use_allocation_guard: 0.


Internal statistics:

num_allocs_failed_limit: 0.
num_arena_births: 20.
num_arena_deaths: 0.
num_vsnodes_births: 2.
num_vsnodes_deaths: 0.
num_space_committed: 7.
num_space_uncommitted: 0.
num_chunks_returned_to_freelist: 0.
num_chunks_taken_from_freelist: 26.
num_chunk_merges: 0.
num_chunk_splits: 17.
num_chunks_enlarged: 11.
num_inconsistent_stats: 0.

CodeHeap 'non-profiled nmethods': size=120032Kb used=64Kb max_used=64Kb free=119967Kb
 bounds [0x00007da3502c8000, 0x00007da350538000, 0x00007da357800000]
CodeHeap 'profiled nmethods': size=120028Kb used=93Kb max_used=93Kb free=119935Kb
 bounds [0x00007da348800000, 0x00007da348a70000, 0x00007da34fd37000]
CodeHeap 'non-nmethods': size=5700Kb used=1260Kb max_used=1268Kb free=4439Kb
 bounds [0x00007da34fd37000, 0x00007da34ffa7000, 0x00007da3502c8000]
 total_blobs=527 nmethods=135 adapters=298
 compilation: enabled
              stopped_count=0, restarted_count=0
 full_count=0

Compilation events (20 events):
Event: 0.071 Thread 0x00007da3601546e0  115       3       java.lang.StringLatin1::equals (36 bytes)
Event: 0.071 Thread 0x00007da3601546e0 nmethod 115 0x00007da348812c10 code [0x00007da348812dc0, 0x00007da348813038]
Event: 0.071 Thread 0x00007da3601546e0  116       1       java.lang.AbstractStringBuilder::getValue (5 bytes)
Event: 0.071 Thread 0x00007da3601546e0 nmethod 116 0x00007da3502d5a90 code [0x00007da3502d5c20, 0x00007da3502d5ce8]
Event: 0.072 Thread 0x00007da3601546e0  117       3       java.util.zip.ZipUtils::SH (21 bytes)
Event: 0.072 Thread 0x00007da3601546e0 nmethod 117 0x00007da348813190 code [0x00007da348813320, 0x00007da348813460]
Event: 0.074 Thread 0x00007da360153020  118       4       java.lang.String::charAt (25 bytes)
Event: 0.075 Thread 0x00007da360153020 nmethod 118 0x00007da3502d5d90 code [0x00007da3502d5f20, 0x00007da3502d6038]
Event: 0.076 Thread 0x00007da3601546e0  120       3       java.lang.AbstractStringBuilder::putStringAt (19 bytes)
Event: 0.076 Thread 0x00007da3601546e0 nmethod 120 0x00007da348813590 code [0x00007da348813760, 0x00007da348813a30]
Event: 0.076 Thread 0x00007da3601546e0  121       3       java.lang.AbstractStringBuilder::inflateIfNeededFor (22 bytes)
Event: 0.077 Thread 0x00007da3601546e0 nmethod 121 0x00007da348813b90 code [0x00007da348813d40, 0x00007da348813f50]
Event: 0.084 Thread 0x00007da360153020  122       4       java.lang.Object::<init> (1 bytes)
Event: 0.084 Thread 0x00007da360153020 nmethod 122 0x00007da3502d6590 code [0x00007da3502d6700, 0x00007da3502d67c8]
Event: 0.190 Thread 0x00007da3601546e0  126       1       java.util.concurrent.locks.AbstractQueuedSynchronizer::setState (6 bytes)
Event: 0.190 Thread 0x00007da3601546e0 nmethod 126 0x00007da3502d6c90 code [0x00007da3502d6e20, 0x00007da3502d6ee8]
Event: 0.190 Thread 0x00007da3601546e0  124       1       java.util.concurrent.locks.AbstractQueuedSynchronizer::getState (5 bytes)
Event: 0.190 Thread 0x00007da3601546e0 nmethod 124 0x00007da3502d6f90 code [0x00007da3502d7120, 0x00007da3502d71e0]
Event: 0.190 Thread 0x00007da3601546e0  125       1       java.util.concurrent.locks.AbstractOwnableSynchronizer::getExclusiveOwnerThread (5 bytes)
Event: 0.190 Thread 0x00007da3601546e0 nmethod 125 0x00007da3502d7290 code [0x00007da3502d7420, 0x00007da3502d74e8]

GC Heap History (0 events):
No events

Dll operation events (6 events):
Event: 0.002 Loaded shared library /usr/lib/jvm/java-21-openjdk-amd64/lib/libjava.so
Event: 0.027 Loaded shared library /usr/lib/jvm/java-21-openjdk-amd64/lib/libjsvml.so
Event: 0.034 Loaded shared library /usr/lib/jvm/java-21-openjdk-amd64/lib/libnio.so
Event: 0.036 Loaded shared library /usr/lib/jvm/java-21-openjdk-amd64/lib/libzip.so
Event: 0.078 Loaded shared library /usr/lib/x86_64-linux-gnu/libtinyb.so.0.5.1
Event: 0.079 Loaded shared library /usr/lib/x86_64-linux-gnu/libjavatinyb.so.0.5.1

Deoptimization events (0 events):
No events

Classes loaded (20 events):
Event: 0.022 Loading class sun/nio/cs/UTF_8$Encoder
Event: 0.023 Loading class sun/nio/cs/UTF_8$Encoder done
Event: 0.030 Loading class jdk/internal/vm/PostVMInitHook
Event: 0.030 Loading class jdk/internal/vm/PostVMInitHook done
Event: 0.030 Loading class jdk/internal/loader/URLClassPath$FileLoader
Event: 0.030 Loading class jdk/internal/loader/URLClassPath$FileLoader done
Event: 0.030 Loading class jdk/internal/loader/URLClassPath$FileLoader$1
Event: 0.030 Loading class jdk/internal/loader/URLClassPath$FileLoader$1 done
Event: 0.032 Loading class java/io/FileNotFoundException
Event: 0.032 Loading class java/io/IOException
Event: 0.032 Loading class java/io/IOException done
Event: 0.032 Loading class java/io/FileNotFoundException done
Event: 0.032 Loading class java/security/PrivilegedActionException
Event: 0.032 Loading class java/security/PrivilegedActionException done
Event: 0.037 Loading class java/lang/InterruptedException
Event: 0.037 Loading class java/lang/InterruptedException done
Event: 0.054 Loading class java/util/Formatter$FixedString
Event: 0.054 Loading class java/util/Formatter$FixedString done
Event: 0.074 Loading class java/lang/UnsatisfiedLinkError
Event: 0.074 Loading class java/lang/UnsatisfiedLinkError done

Classes unloaded (0 events):
No events

Classes redefined (0 events):
No events

Internal exceptions (0 events):
No events

ZGC Phase Switch (0 events):
No events

VM Operations (4 events):
Event: 0.074 Executing VM operation: HandshakeAllThreads (Deoptimize)
Event: 0.074 Executing VM operation: HandshakeAllThreads (Deoptimize) done
Event: 1.074 Executing VM operation: Cleanup
Event: 1.074 Executing VM operation: Cleanup done

Memory protections (10 events):
Event: 0.001 Protecting memory [0x00007da365b00000,0x00007da365b04000] with protection modes 0
Event: 0.024 Protecting memory [0x00007da3440c0000,0x00007da3440c4000] with protection modes 0
Event: 0.024 Protecting memory [0x00007da335900000,0x00007da335904000] with protection modes 0
Event: 0.025 Protecting memory [0x00007da335800000,0x00007da335804000] with protection modes 0
Event: 0.025 Protecting memory [0x00007da335700000,0x00007da335704000] with protection modes 0
Event: 0.025 Protecting memory [0x00007da335600000,0x00007da335604000] with protection modes 0
Event: 0.025 Protecting memory [0x00007da335500000,0x00007da335504000] with protection modes 0
Event: 0.025 Protecting memory [0x00007da335400000,0x00007da335404000] with protection modes 0
Event: 0.029 Protecting memory [0x00007da33522f000,0x00007da335233000] with protection modes 0
Event: 0.031 Protecting memory [0x00007da33512f000,0x00007da335133000] with protection modes 0

Nmethod flushes (0 events):
No events

Events (10 events):
Event: 0.015 Thread 0x00007da360019c10 Thread added: 0x00007da360019c10
Event: 0.024 Thread 0x00007da360019c10 Thread added: 0x00007da36014bad0
Event: 0.024 Thread 0x00007da360019c10 Thread added: 0x00007da36014d160
Event: 0.025 Thread 0x00007da360019c10 Thread added: 0x00007da36014e900
Event: 0.025 Thread 0x00007da360019c10 Thread added: 0x00007da36014ff40
Event: 0.025 Thread 0x00007da360019c10 Thread added: 0x00007da3601514e0
Event: 0.025 Thread 0x00007da360019c10 Thread added: 0x00007da360153020
Event: 0.025 Thread 0x00007da360019c10 Thread added: 0x00007da3601546e0
Event: 0.029 Thread 0x00007da360019c10 Thread added: 0x00007da360180680
Event: 0.031 Thread 0x00007da360019c10 Thread added: 0x00007da36018b8c0


Dynamic libraries:
707200000-716c00000 rw-p 00000000 00:00 0 
716c00000-7ffe00000 ---p 00000000 00:00 0 
7ffe00000-7fff0d000 rw-p 00cd6000 08:05 22549430                         /usr/lib/jvm/java-21-openjdk-amd64/lib/server/classes.jsa
7fff0d000-800000000 rw-p 00000000 00:00 0 
5c30ab90c000-5c30ab90d000 r--p 00000000 08:05 22549312                   /usr/lib/jvm/java-21-openjdk-amd64/bin/java
5c30ab90d000-5c30ab90e000 r-xp 00001000 08:05 22549312                   /usr/lib/jvm/java-21-openjdk-amd64/bin/java
5c30ab90e000-5c30ab90f000 r--p 00002000 08:05 22549312                   /usr/lib/jvm/java-21-openjdk-amd64/bin/java
5c30ab90f000-5c30ab910000 r--p 00002000 08:05 22549312                   /usr/lib/jvm/java-21-openjdk-amd64/bin/java
5c30ab910000-5c30ab911000 rw-p 00003000 08:05 22549312                   /usr/lib/jvm/java-21-openjdk-amd64/bin/java
5c30beae2000-5c30beb29000 rw-p 00000000 00:00 0                          [heap]
7da2a4000000-7da2a4097000 rw-p 00000000 00:00 0 
7da2a4097000-7da2a8000000 ---p 00000000 00:00 0 
7da2ac000000-7da2ac021000 rw-p 00000000 00:00 0 
7da2ac021000-7da2b0000000 ---p 00000000 00:00 0 
7da2b0000000-7da2b0021000 rw-p 00000000 00:00 0 
7da2b0021000-7da2b4000000 ---p 00000000 00:00 0 
7da2b4000000-7da2b4021000 rw-p 00000000 00:00 0 
7da2b4021000-7da2b8000000 ---p 00000000 00:00 0 
7da2b8000000-7da2b8021000 rw-p 00000000 00:00 0 
7da2b8021000-7da2bc000000 ---p 00000000 00:00 0 
7da2bc000000-7da2bc05e000 rw-p 00000000 00:00 0 
7da2bc05e000-7da2c0000000 ---p 00000000 00:00 0 
7da2c0000000-7da2c0021000 rw-p 00000000 00:00 0 
7da2c0021000-7da2c4000000 ---p 00000000 00:00 0 
7da2c4000000-7da2c4021000 rw-p 00000000 00:00 0 
7da2c4021000-7da2c8000000 ---p 00000000 00:00 0 
7da2c8000000-7da2c8048000 rw-p 00000000 00:00 0 
7da2c8048000-7da2cc000000 ---p 00000000 00:00 0 
7da2cc000000-7da2cc021000 rw-p 00000000 00:00 0 
7da2cc021000-7da2d0000000 ---p 00000000 00:00 0 
7da2d0000000-7da2d0021000 rw-p 00000000 00:00 0 
7da2d0021000-7da2d4000000 ---p 00000000 00:00 0 
7da2d4000000-7da2d4021000 rw-p 00000000 00:00 0 
7da2d4021000-7da2d8000000 ---p 00000000 00:00 0 
7da2d8000000-7da2d8021000 rw-p 00000000 00:00 0 
7da2d8021000-7da2dc000000 ---p 00000000 00:00 0 
7da2dc000000-7da2dc021000 rw-p 00000000 00:00 0 
7da2dc021000-7da2e0000000 ---p 00000000 00:00 0 
7da2e17fd000-7da2e17fe000 ---p 00000000 00:00 0 
7da2e17fe000-7da2e1ffe000 rw-p 00000000 00:00 0 
7da2e1ffe000-7da2e1fff000 ---p 00000000 00:00 0 
7da2e1fff000-7da2e27ff000 rw-p 00000000 00:00 0 
7da2e27ff000-7da2e2800000 ---p 00000000 00:00 0 
7da2e2800000-7da2e3000000 rw-p 00000000 00:00 0 
7da2e3000000-7da2e3040000 rw-p 00000000 00:00 0 
7da2e3040000-7da2e3400000 ---p 00000000 00:00 0 
7da2e3400000-7da2e3410000 rw-p 00000000 00:00 0 
7da2e3410000-7da2e7000000 ---p 00000000 00:00 0 
7da2e7000000-7da2e7c97000 rw-p 00001000 08:05 22549430                   /usr/lib/jvm/java-21-openjdk-amd64/lib/server/classes.jsa
7da2e7c97000-7da2e8000000 ---p 00000000 00:00 0 
7da2e8000000-7da2e8010000 rw-p 00000000 00:00 0 
7da2e8010000-7da2e8040000 ---p 00000000 00:00 0 
7da2e8040000-7da2e8050000 rw-p 00000000 00:00 0 
7da2e8050000-7da328000000 ---p 00000000 00:00 0 
7da328000000-7da328021000 rw-p 00000000 00:00 0 
7da328021000-7da32c000000 ---p 00000000 00:00 0 
7da32c000000-7da32c021000 rw-p 00000000 00:00 0 
7da32c021000-7da330000000 ---p 00000000 00:00 0 
7da330000000-7da330021000 rw-p 00000000 00:00 0 
7da330021000-7da334000000 ---p 00000000 00:00 0 
7da3343cd000-7da33449e000 rw-p 00000000 00:00 0 
7da33449e000-7da33449f000 ---p 00000000 00:00 0 
7da33449f000-7da334c9f000 rw-p 00000000 00:00 0 
7da334c9f000-7da334ca1000 r--p 00000000 08:05 22296023                   /usr/lib/x86_64-linux-gnu/libpcre2-8.so.0.11.2
7da334ca1000-7da334d0f000 r-xp 00002000 08:05 22296023                   /usr/lib/x86_64-linux-gnu/libpcre2-8.so.0.11.2
7da334d0f000-7da334d37000 r--p 00070000 08:05 22296023                   /usr/lib/x86_64-linux-gnu/libpcre2-8.so.0.11.2
7da334d37000-7da334d38000 r--p 00097000 08:05 22296023                   /usr/lib/x86_64-linux-gnu/libpcre2-8.so.0.11.2
7da334d38000-7da334d39000 rw-p 00098000 08:05 22296023                   /usr/lib/x86_64-linux-gnu/libpcre2-8.so.0.11.2
7da334d39000-7da334d72000 r--p 00000000 08:05 22282848                   /usr/lib/x86_64-linux-gnu/libgio-2.0.so.0.8000.0
7da334d72000-7da334e89000 r-xp 00039000 08:05 22282848                   /usr/lib/x86_64-linux-gnu/libgio-2.0.so.0.8000.0
7da334e89000-7da334efe000 r--p 00150000 08:05 22282848                   /usr/lib/x86_64-linux-gnu/libgio-2.0.so.0.8000.0
7da334efe000-7da334f06000 r--p 001c4000 08:05 22282848                   /usr/lib/x86_64-linux-gnu/libgio-2.0.so.0.8000.0
7da334f06000-7da334f07000 rw-p 001cc000 08:05 22282848                   /usr/lib/x86_64-linux-gnu/libgio-2.0.so.0.8000.0
7da334f07000-7da334f09000 rw-p 00000000 00:00 0 
7da334f09000-7da334f27000 r--p 00000000 08:05 22283026                   /usr/lib/x86_64-linux-gnu/libglib-2.0.so.0.8000.0
7da334f27000-7da334fc7000 r-xp 0001e000 08:05 22283026                   /usr/lib/x86_64-linux-gnu/libglib-2.0.so.0.8000.0
7da334fc7000-7da33504f000 r--p 000be000 08:05 22283026                   /usr/lib/x86_64-linux-gnu/libglib-2.0.so.0.8000.0
7da33504f000-7da335050000 r--p 00146000 08:05 22283026                   /usr/lib/x86_64-linux-gnu/libglib-2.0.so.0.8000.0
7da335050000-7da335051000 rw-p 00147000 08:05 22283026                   /usr/lib/x86_64-linux-gnu/libglib-2.0.so.0.8000.0
7da335051000-7da335052000 rw-p 00000000 00:00 0 
7da335052000-7da3350ba000 r--p 00000000 08:05 22290669                   /usr/lib/x86_64-linux-gnu/libtinyb.so.0.5.1
7da3350ba000-7da33510a000 r-xp 00068000 08:05 22290669                   /usr/lib/x86_64-linux-gnu/libtinyb.so.0.5.1
7da33510a000-7da335127000 r--p 000b8000 08:05 22290669                   /usr/lib/x86_64-linux-gnu/libtinyb.so.0.5.1
7da335127000-7da33512a000 r--p 000d4000 08:05 22290669                   /usr/lib/x86_64-linux-gnu/libtinyb.so.0.5.1
7da33512a000-7da33512e000 rw-p 000d7000 08:05 22290669                   /usr/lib/x86_64-linux-gnu/libtinyb.so.0.5.1
7da33512e000-7da33512f000 rw-p 00000000 00:00 0 
7da33512f000-7da335133000 ---p 00000000 00:00 0 
7da335133000-7da33522f000 rw-p 00000000 00:00 0 
7da33522f000-7da335233000 ---p 00000000 00:00 0 
7da335233000-7da33532f000 rw-p 00000000 00:00 0 
7da33532f000-7da335334000 r--p 00000000 08:05 22549390                   /usr/lib/jvm/java-21-openjdk-amd64/lib/libjsvml.so
7da335334000-7da335375000 r-xp 00005000 08:05 22549390                   /usr/lib/jvm/java-21-openjdk-amd64/lib/libjsvml.so
7da335375000-7da3353fe000 r--p 00046000 08:05 22549390                   /usr/lib/jvm/java-21-openjdk-amd64/lib/libjsvml.so
7da3353fe000-7da3353ff000 r--p 000ce000 08:05 22549390                   /usr/lib/jvm/java-21-openjdk-amd64/lib/libjsvml.so
7da3353ff000-7da335400000 rw-p 000cf000 08:05 22549390                   /usr/lib/jvm/java-21-openjdk-amd64/lib/libjsvml.so
7da335400000-7da335404000 ---p 00000000 00:00 0 
7da335404000-7da335500000 rw-p 00000000 00:00 0 
7da335500000-7da335504000 ---p 00000000 00:00 0 
7da335504000-7da335600000 rw-p 00000000 00:00 0 
7da335600000-7da335604000 ---p 00000000 00:00 0 
7da335604000-7da335700000 rw-p 00000000 00:00 0 
7da335700000-7da335704000 ---p 00000000 00:00 0 
7da335704000-7da335800000 rw-p 00000000 00:00 0 
7da335800000-7da335804000 ---p 00000000 00:00 0 
7da335804000-7da335900000 rw-p 00000000 00:00 0 
7da335900000-7da335904000 ---p 00000000 00:00 0 
7da335904000-7da335a00000 rw-p 00000000 00:00 0 
7da335a00000-7da335f75000 r--p 00000000 08:05 22284825                   /usr/lib/locale/locale-archive
7da335f7d000-7da335fa2000 rw-p 00000000 00:00 0 
7da335fa2000-7da335fc2000 r--p 00000000 08:05 22283454                   /usr/lib/x86_64-linux-gnu/libjavatinyb.so.0.5.1
7da335fc2000-7da335fed000 r-xp 00020000 08:05 22283454                   /usr/lib/x86_64-linux-gnu/libjavatinyb.so.0.5.1
7da335fed000-7da335ffd000 r--p 0004b000 08:05 22283454                   /usr/lib/x86_64-linux-gnu/libjavatinyb.so.0.5.1
7da335ffd000-7da335ffe000 r--p 0005a000 08:05 22283454                   /usr/lib/x86_64-linux-gnu/libjavatinyb.so.0.5.1
7da335ffe000-7da336000000 rw-p 0005b000 08:05 22283454                   /usr/lib/x86_64-linux-gnu/libjavatinyb.so.0.5.1
7da336000000-7da338021000 rw-p 00000000 00:00 0 
7da338021000-7da33c000000 ---p 00000000 00:00 0 
7da33c000000-7da33c021000 rw-p 00000000 00:00 0 
7da33c021000-7da340000000 ---p 00000000 00:00 0 
7da340000000-7da340021000 rw-p 00000000 00:00 0 
7da340021000-7da344000000 ---p 00000000 00:00 0 
7da344022000-7da344029000 r--p 00000000 08:05 22285435                   /usr/lib/x86_64-linux-gnu/libblkid.so.1.1.0
7da344029000-7da34404d000 r-xp 00007000 08:05 22285435                   /usr/lib/x86_64-linux-gnu/libblkid.so.1.1.0
7da34404d000-7da344056000 r--p 0002b000 08:05 22285435                   /usr/lib/x86_64-linux-gnu/libblkid.so.1.1.0
7da344056000-7da34405c000 r--p 00033000 08:05 22285435                   /usr/lib/x86_64-linux-gnu/libblkid.so.1.1.0
7da34405c000-7da34405d000 rw-p 00039000 08:05 22285435                   /usr/lib/x86_64-linux-gnu/libblkid.so.1.1.0
7da34405d000-7da34406c000 r--p 00000000 08:05 22288611                   /usr/lib/x86_64-linux-gnu/libgobject-2.0.so.0.8000.0
7da34406c000-7da3440a3000 r-xp 0000f000 08:05 22288611                   /usr/lib/x86_64-linux-gnu/libgobject-2.0.so.0.8000.0
7da3440a3000-7da3440bc000 r--p 00046000 08:05 22288611                   /usr/lib/x86_64-linux-gnu/libgobject-2.0.so.0.8000.0
7da3440bc000-7da3440bf000 r--p 0005e000 08:05 22288611                   /usr/lib/x86_64-linux-gnu/libgobject-2.0.so.0.8000.0
7da3440bf000-7da3440c0000 rw-p 00061000 08:05 22288611                   /usr/lib/x86_64-linux-gnu/libgobject-2.0.so.0.8000.0
7da3440c0000-7da3440c4000 ---p 00000000 00:00 0 
7da3440c4000-7da3441c0000 rw-p 00000000 00:00 0 
7da3441c0000-7da3441c1000 ---p 00000000 00:00 0 
7da3441c1000-7da3442c1000 rw-p 00000000 00:00 0 
7da3442c1000-7da3442c2000 ---p 00000000 00:00 0 
7da3442c2000-7da3443c2000 rw-p 00000000 00:00 0 
7da3443c2000-7da3443c3000 ---p 00000000 00:00 0 
7da3443c3000-7da3444c3000 rw-p 00000000 00:00 0 
7da3444c3000-7da3444c4000 ---p 00000000 00:00 0 
7da3444c4000-7da3445c4000 rw-p 00000000 00:00 0 
7da3445c4000-7da344db0000 rw-p 00000000 00:00 0 
7da344db0000-7da3487f8000 ---p 00000000 00:00 0 
7da3487f8000-7da348800000 rw-p 00000000 00:00 0 
7da348800000-7da348a70000 rwxp 00000000 00:00 0 
7da348a70000-7da34fd37000 ---p 00000000 00:00 0 
7da34fd37000-7da34ffa7000 rwxp 00000000 00:00 0 
7da34ffa7000-7da3502c8000 ---p 00000000 00:00 0 
7da3502c8000-7da350538000 rwxp 00000000 00:00 0 
7da350538000-7da357800000 ---p 00000000 00:00 0 
7da357800000-7da35fe1e000 r--s 00000000 08:05 22549428                   /usr/lib/jvm/java-21-openjdk-amd64/lib/modules
7da35fe31000-7da35fe3a000 r--p 00000000 08:05 22295353                   /usr/lib/x86_64-linux-gnu/libmount.so.1.1.0
7da35fe3a000-7da35fe6e000 r-xp 00009000 08:05 22295353                   /usr/lib/x86_64-linux-gnu/libmount.so.1.1.0
7da35fe6e000-7da35fe7b000 r--p 0003d000 08:05 22295353                   /usr/lib/x86_64-linux-gnu/libmount.so.1.1.0
7da35fe7b000-7da35fe7d000 r--p 00049000 08:05 22295353                   /usr/lib/x86_64-linux-gnu/libmount.so.1.1.0
7da35fe7d000-7da35fe7e000 rw-p 0004b000 08:05 22295353                   /usr/lib/x86_64-linux-gnu/libmount.so.1.1.0
7da35fe7e000-7da35feff000 rw-p 00000000 00:00 0 
7da35feff000-7da35ff00000 ---p 00000000 00:00 0 
7da35ff00000-7da360000000 rw-p 00000000 00:00 0 
7da360000000-7da3601e1000 rw-p 00000000 00:00 0 
7da3601e1000-7da364000000 ---p 00000000 00:00 0 
7da36400e000-7da364014000 r--p 00000000 08:05 22316815                   /usr/lib/x86_64-linux-gnu/libselinux.so.1
7da364014000-7da364031000 r-xp 00006000 08:05 22316815                   /usr/lib/x86_64-linux-gnu/libselinux.so.1
7da364031000-7da364037000 r--p 00023000 08:05 22316815                   /usr/lib/x86_64-linux-gnu/libselinux.so.1
7da364037000-7da364038000 r--p 00029000 08:05 22316815                   /usr/lib/x86_64-linux-gnu/libselinux.so.1
7da364038000-7da364039000 rw-p 0002a000 08:05 22316815                   /usr/lib/x86_64-linux-gnu/libselinux.so.1
7da364039000-7da364096000 rw-p 00000000 00:00 0 
7da364096000-7da364097000 ---p 00000000 00:00 0 
7da364097000-7da364197000 rw-p 00000000 00:00 0 
7da364197000-7da364198000 ---p 00000000 00:00 0 
7da364198000-7da364298000 rw-p 00000000 00:00 0 
7da364298000-7da364315000 rw-p 00000000 00:00 0 
7da364315000-7da364a5e000 ---p 00000000 00:00 0 
7da364a5e000-7da364adc000 rw-p 00000000 00:00 0 
7da364adc000-7da365225000 ---p 00000000 00:00 0 
7da365225000-7da36562f000 rw-p 00000000 00:00 0 
7da36562f000-7da365715000 ---p 00000000 00:00 0 
7da365715000-7da36571a000 rw-p 00000000 00:00 0 
7da36571a000-7da365800000 ---p 00000000 00:00 0 
7da365800000-7da36589d000 r--p 00000000 08:05 22284775                   /usr/lib/x86_64-linux-gnu/libstdc++.so.6.0.33
7da36589d000-7da3659e5000 r-xp 0009d000 08:05 22284775                   /usr/lib/x86_64-linux-gnu/libstdc++.so.6.0.33
7da3659e5000-7da365a6c000 r--p 001e5000 08:05 22284775                   /usr/lib/x86_64-linux-gnu/libstdc++.so.6.0.33
7da365a6c000-7da365a77000 r--p 0026b000 08:05 22284775                   /usr/lib/x86_64-linux-gnu/libstdc++.so.6.0.33
7da365a77000-7da365a7a000 rw-p 00276000 08:05 22284775                   /usr/lib/x86_64-linux-gnu/libstdc++.so.6.0.33
7da365a7a000-7da365a7e000 rw-p 00000000 00:00 0 
7da365a89000-7da365a8b000 r--p 00000000 08:05 22288971                   /usr/lib/x86_64-linux-gnu/libffi.so.8.1.4
7da365a8b000-7da365a92000 r-xp 00002000 08:05 22288971                   /usr/lib/x86_64-linux-gnu/libffi.so.8.1.4
7da365a92000-7da365a93000 r--p 00009000 08:05 22288971                   /usr/lib/x86_64-linux-gnu/libffi.so.8.1.4
7da365a93000-7da365a94000 r--p 0000a000 08:05 22288971                   /usr/lib/x86_64-linux-gnu/libffi.so.8.1.4
7da365a94000-7da365a95000 rw-p 0000b000 08:05 22288971                   /usr/lib/x86_64-linux-gnu/libffi.so.8.1.4
7da365ab8000-7da365abf000 r--s 00000000 08:05 22978436                   /usr/lib/x86_64-linux-gnu/gconv/gconv-modules.cache
7da365abf000-7da365b00000 rw-p 00000000 00:00 0 
7da365b00000-7da365b04000 ---p 00000000 00:00 0 
7da365b04000-7da365c00000 rw-p 00000000 00:00 0 
7da365c00000-7da365ea1000 r--p 00000000 08:05 22549437                   /usr/lib/jvm/java-21-openjdk-amd64/lib/server/libjvm.so
7da365ea1000-7da366d0d000 r-xp 002a1000 08:05 22549437                   /usr/lib/jvm/java-21-openjdk-amd64/lib/server/libjvm.so
7da366d0d000-7da366fe5000 r--p 0110d000 08:05 22549437                   /usr/lib/jvm/java-21-openjdk-amd64/lib/server/libjvm.so
7da366fe5000-7da3670b8000 r--p 013e5000 08:05 22549437                   /usr/lib/jvm/java-21-openjdk-amd64/lib/server/libjvm.so
7da3670b8000-7da3670e8000 rw-p 014b8000 08:05 22549437                   /usr/lib/jvm/java-21-openjdk-amd64/lib/server/libjvm.so
7da3670e8000-7da36714e000 rw-p 00000000 00:00 0 
7da36714e000-7da367150000 r--p 00000000 08:05 22288604                   /usr/lib/x86_64-linux-gnu/libgmodule-2.0.so.0.8000.0
7da367150000-7da367152000 r-xp 00002000 08:05 22288604                   /usr/lib/x86_64-linux-gnu/libgmodule-2.0.so.0.8000.0
7da367152000-7da367153000 r--p 00004000 08:05 22288604                   /usr/lib/x86_64-linux-gnu/libgmodule-2.0.so.0.8000.0
7da367153000-7da367154000 r--p 00004000 08:05 22288604                   /usr/lib/x86_64-linux-gnu/libgmodule-2.0.so.0.8000.0
7da367154000-7da367155000 rw-p 00005000 08:05 22288604                   /usr/lib/x86_64-linux-gnu/libgmodule-2.0.so.0.8000.0
7da367155000-7da36715c000 r--p 00000000 08:05 22549412                   /usr/lib/jvm/java-21-openjdk-amd64/lib/libnio.so
7da36715c000-7da367165000 r-xp 00007000 08:05 22549412                   /usr/lib/jvm/java-21-openjdk-amd64/lib/libnio.so
7da367165000-7da367169000 r--p 00010000 08:05 22549412                   /usr/lib/jvm/java-21-openjdk-amd64/lib/libnio.so
7da367169000-7da36716a000 r--p 00014000 08:05 22549412                   /usr/lib/jvm/java-21-openjdk-amd64/lib/libnio.so
7da36716a000-7da36716b000 rw-p 00015000 08:05 22549412                   /usr/lib/jvm/java-21-openjdk-amd64/lib/libnio.so
7da36716b000-7da3671ae000 rw-p 00000000 00:00 0 
7da3671ae000-7da3671bb000 r--p 00000000 08:05 22549376                   /usr/lib/jvm/java-21-openjdk-amd64/lib/libjava.so
7da3671bb000-7da3671ca000 r-xp 0000d000 08:05 22549376                   /usr/lib/jvm/java-21-openjdk-amd64/lib/libjava.so
7da3671ca000-7da3671cf000 r--p 0001c000 08:05 22549376                   /usr/lib/jvm/java-21-openjdk-amd64/lib/libjava.so
7da3671cf000-7da3671d0000 r--p 00021000 08:05 22549376                   /usr/lib/jvm/java-21-openjdk-amd64/lib/libjava.so
7da3671d0000-7da3671d1000 rw-p 00022000 08:05 22549376                   /usr/lib/jvm/java-21-openjdk-amd64/lib/libjava.so
7da3671d1000-7da3671d2000 rw-p 00000000 00:00 0 
7da3671d2000-7da3671d6000 r--p 00000000 08:05 22288968                   /usr/lib/x86_64-linux-gnu/libgcc_s.so.1
7da3671d6000-7da3671fa000 r-xp 00004000 08:05 22288968                   /usr/lib/x86_64-linux-gnu/libgcc_s.so.1
7da3671fa000-7da3671fe000 r--p 00028000 08:05 22288968                   /usr/lib/x86_64-linux-gnu/libgcc_s.so.1
7da3671fe000-7da3671ff000 r--p 0002b000 08:05 22288968                   /usr/lib/x86_64-linux-gnu/libgcc_s.so.1
7da3671ff000-7da367200000 rw-p 0002c000 08:05 22288968                   /usr/lib/x86_64-linux-gnu/libgcc_s.so.1
7da367200000-7da367228000 r--p 00000000 08:05 22285839                   /usr/lib/x86_64-linux-gnu/libc.so.6
7da367228000-7da3673b0000 r-xp 00028000 08:05 22285839                   /usr/lib/x86_64-linux-gnu/libc.so.6
7da3673b0000-7da3673ff000 r--p 001b0000 08:05 22285839                   /usr/lib/x86_64-linux-gnu/libc.so.6
7da3673ff000-7da367403000 r--p 001fe000 08:05 22285839                   /usr/lib/x86_64-linux-gnu/libc.so.6
7da367403000-7da367405000 rw-p 00202000 08:05 22285839                   /usr/lib/x86_64-linux-gnu/libc.so.6
7da367405000-7da367412000 rw-p 00000000 00:00 0 
7da367418000-7da36741b000 r--p 00000000 08:05 22549410                   /usr/lib/jvm/java-21-openjdk-amd64/lib/libnet.so
7da36741b000-7da367423000 r-xp 00003000 08:05 22549410                   /usr/lib/jvm/java-21-openjdk-amd64/lib/libnet.so
7da367423000-7da367425000 r--p 0000b000 08:05 22549410                   /usr/lib/jvm/java-21-openjdk-amd64/lib/libnet.so
7da367425000-7da367426000 r--p 0000c000 08:05 22549410                   /usr/lib/jvm/java-21-openjdk-amd64/lib/libnet.so
7da367426000-7da367427000 rw-p 0000d000 08:05 22549410                   /usr/lib/jvm/java-21-openjdk-amd64/lib/libnet.so
7da367427000-7da367437000 r--p 00000000 08:05 22288148                   /usr/lib/x86_64-linux-gnu/libm.so.6
7da367437000-7da3674b6000 r-xp 00010000 08:05 22288148                   /usr/lib/x86_64-linux-gnu/libm.so.6
7da3674b6000-7da36750e000 r--p 0008f000 08:05 22288148                   /usr/lib/x86_64-linux-gnu/libm.so.6
7da36750e000-7da36750f000 r--p 000e7000 08:05 22288148                   /usr/lib/x86_64-linux-gnu/libm.so.6
7da36750f000-7da367510000 rw-p 000e8000 08:05 22288148                   /usr/lib/x86_64-linux-gnu/libm.so.6
7da367510000-7da367512000 rw-p 00000000 00:00 0 
7da367512000-7da367514000 r--p 00000000 08:05 22549384                   /usr/lib/jvm/java-21-openjdk-amd64/lib/libjli.so
7da367514000-7da36751e000 r-xp 00002000 08:05 22549384                   /usr/lib/jvm/java-21-openjdk-amd64/lib/libjli.so
7da36751e000-7da367521000 r--p 0000c000 08:05 22549384                   /usr/lib/jvm/java-21-openjdk-amd64/lib/libjli.so
7da367521000-7da367522000 r--p 0000f000 08:05 22549384                   /usr/lib/jvm/java-21-openjdk-amd64/lib/libjli.so
7da367522000-7da367523000 rw-p 00010000 08:05 22549384                   /usr/lib/jvm/java-21-openjdk-amd64/lib/libjli.so
7da367523000-7da367525000 r--p 00000000 08:05 22282466                   /usr/lib/x86_64-linux-gnu/libz.so.1.3
7da367525000-7da367537000 r-xp 00002000 08:05 22282466                   /usr/lib/x86_64-linux-gnu/libz.so.1.3
7da367537000-7da36753d000 r--p 00014000 08:05 22282466                   /usr/lib/x86_64-linux-gnu/libz.so.1.3
7da36753d000-7da36753e000 r--p 0001a000 08:05 22282466                   /usr/lib/x86_64-linux-gnu/libz.so.1.3
7da36753e000-7da36753f000 rw-p 0001b000 08:05 22282466                   /usr/lib/x86_64-linux-gnu/libz.so.1.3
7da36753f000-7da367541000 r--p 00000000 08:05 22549426                   /usr/lib/jvm/java-21-openjdk-amd64/lib/libzip.so
7da367541000-7da367546000 r-xp 00002000 08:05 22549426                   /usr/lib/jvm/java-21-openjdk-amd64/lib/libzip.so
7da367546000-7da367548000 r--p 00007000 08:05 22549426                   /usr/lib/jvm/java-21-openjdk-amd64/lib/libzip.so
7da367548000-7da367549000 r--p 00008000 08:05 22549426                   /usr/lib/jvm/java-21-openjdk-amd64/lib/libzip.so
7da367549000-7da36754a000 rw-p 00009000 08:05 22549426                   /usr/lib/jvm/java-21-openjdk-amd64/lib/libzip.so
7da36754a000-7da36754f000 rw-p 00000000 00:00 0 
7da36754f000-7da367556000 ---p 00000000 00:00 0 
7da367556000-7da36755e000 rw-s 00000000 08:05 14292557                   /tmp/hsperfdata_jonas/1346991
7da36755e000-7da36755f000 ---p 00000000 00:00 0 
7da36755f000-7da367560000 r--p 00000000 00:00 0 
7da367560000-7da367561000 ---p 00000000 00:00 0 
7da367561000-7da367563000 r--p 00000000 08:05 22549382                   /usr/lib/jvm/java-21-openjdk-amd64/lib/libjimage.so
7da367563000-7da367566000 r-xp 00002000 08:05 22549382                   /usr/lib/jvm/java-21-openjdk-amd64/lib/libjimage.so
7da367566000-7da367567000 r--p 00005000 08:05 22549382                   /usr/lib/jvm/java-21-openjdk-amd64/lib/libjimage.so
7da367567000-7da367568000 r--p 00006000 08:05 22549382                   /usr/lib/jvm/java-21-openjdk-amd64/lib/libjimage.so
7da367568000-7da367569000 rw-p 00007000 08:05 22549382                   /usr/lib/jvm/java-21-openjdk-amd64/lib/libjimage.so
7da367569000-7da36756b000 rw-p 00000000 00:00 0 
7da36756b000-7da36756c000 r--p 00000000 08:05 22283222                   /usr/lib/x86_64-linux-gnu/ld-linux-x86-64.so.2
7da36756c000-7da367597000 r-xp 00001000 08:05 22283222                   /usr/lib/x86_64-linux-gnu/ld-linux-x86-64.so.2
7da367597000-7da3675a1000 r--p 0002c000 08:05 22283222                   /usr/lib/x86_64-linux-gnu/ld-linux-x86-64.so.2
7da3675a1000-7da3675a3000 r--p 00036000 08:05 22283222                   /usr/lib/x86_64-linux-gnu/ld-linux-x86-64.so.2
7da3675a3000-7da3675a5000 rw-p 00038000 08:05 22283222                   /usr/lib/x86_64-linux-gnu/ld-linux-x86-64.so.2
7ffcbbc74000-7ffcbbc95000 rw-p 00000000 00:00 0                          [stack]
7ffcbbd49000-7ffcbbd4d000 r--p 00000000 00:00 0                          [vvar]
7ffcbbd4d000-7ffcbbd4f000 r-xp 00000000 00:00 0                          [vdso]
ffffffffff600000-ffffffffff601000 --xp 00000000 00:00 0                  [vsyscall]
Total number of mappings: 274


VM Arguments:
jvm_args: -Dfile.encoding=UTF-8 -Duser.country=NZ -Duser.language=en -Duser.variant 
java_command: org.example.Main D0:91:68:1B:20:E8
java_class_path (initial): /home/jonas/workspaceJavaEE/tinyB-gradle-demo2/build/classes/java/main:/home/jonas/workspaceJavaEE/tinyB-gradle-demo2/build/resources/main:/home/jonas/workspaceJavaEE/tinyB-gradle-demo2/libs/tinyb.jar
Launcher Type: SUN_STANDARD

[Global flags]
     intx CICompilerCount                          = 3                                         {product} {ergonomic}
     uint ConcGCThreads                            = 1                                         {product} {ergonomic}
     uint G1ConcRefinementThreads                  = 4                                         {product} {ergonomic}
   size_t G1HeapRegionSize                         = 2097152                                   {product} {ergonomic}
    uintx GCDrainStackTargetSize                   = 64                                        {product} {ergonomic}
   size_t InitialHeapSize                          = 262144000                                 {product} {ergonomic}
   size_t MarkStackSize                            = 4194304                                   {product} {ergonomic}
   size_t MaxHeapSize                              = 4175429632                                {product} {ergonomic}
   size_t MaxNewSize                               = 2503999488                                {product} {ergonomic}
   size_t MinHeapDeltaBytes                        = 2097152                                   {product} {ergonomic}
   size_t MinHeapSize                              = 8388608                                   {product} {ergonomic}
    uintx NonNMethodCodeHeapSize                   = 5832780                                {pd product} {ergonomic}
    uintx NonProfiledCodeHeapSize                  = 122912730                              {pd product} {ergonomic}
    uintx ProfiledCodeHeapSize                     = 122912730                              {pd product} {ergonomic}
    uintx ReservedCodeCacheSize                    = 251658240                              {pd product} {ergonomic}
     bool SegmentedCodeCache                       = true                                      {product} {ergonomic}
   size_t SoftMaxHeapSize                          = 4175429632                             {manageable} {ergonomic}
     bool UseCompressedOops                        = true                           {product lp64_product} {ergonomic}
     bool UseG1GC                                  = true                                      {product} {ergonomic}

Logging:
Log output configuration:
 #0: stdout all=warning uptime,level,tags foldmultilines=false
 #1: stderr all=off uptime,level,tags foldmultilines=false

Environment Variables:
JAVA_HOME=/usr/lib/jvm/java-21-openjdk-amd64
PATH=/home/jonas/bin:/home/jonas/.local/bin:/homeus/fuckyou:/usr/local/sbin:/usr/local/bin:/usr/sbin:/usr/bin:/sbin:/bin:/usr/games:/usr/local/games:/snap/bin:/snap/bin:/home/jonas/.local/share/JetBrains/Toolbox/scripts
USERNAME=jonas
SHELL=/bin/bash
DISPLAY=:0
LANG=en_NZ.UTF-8

Active Locale:
LC_ALL=en_NZ.UTF-8
LC_COLLATE=en_NZ.UTF-8
LC_CTYPE=en_NZ.UTF-8
LC_MESSAGES=en_NZ.UTF-8
LC_MONETARY=en_NZ.UTF-8
LC_NUMERIC=en_NZ.UTF-8
LC_TIME=en_NZ.UTF-8

Signal Handlers:
   SIGSEGV: crash_handler in libjvm.so, mask=11100100010111111101111111111110, flags=SA_RESTART|SA_SIGINFO, unblocked
    SIGBUS: crash_handler in libjvm.so, mask=11100100010111111101111111111110, flags=SA_RESTART|SA_SIGINFO, unblocked
    SIGFPE: crash_handler in libjvm.so, mask=11100100010111111101111111111110, flags=SA_RESTART|SA_SIGINFO, unblocked
   SIGPIPE: SIG_IGN, mask=00000000000010000000000000000000, flags=SA_RESTART, blocked
  *** Handler was modified!
  *** Expected: javaSignalHandler in libjvm.so, mask=11100100110111111111111111111110, flags=SA_RESTART|SA_SIGINFO
   SIGXFSZ: javaSignalHandler in libjvm.so, mask=11100100010111111101111111111110, flags=SA_RESTART|SA_SIGINFO, blocked
    SIGILL: crash_handler in libjvm.so, mask=11100100010111111101111111111110, flags=SA_RESTART|SA_SIGINFO, unblocked
   SIGUSR2: SR_handler in libjvm.so, mask=00000000000000000000000000000000, flags=SA_RESTART|SA_SIGINFO, blocked
    SIGHUP: UserHandler in libjvm.so, mask=11100100010111111101111111111110, flags=SA_RESTART|SA_SIGINFO, blocked
    SIGINT: UserHandler in libjvm.so, mask=11100100010111111101111111111110, flags=SA_RESTART|SA_SIGINFO, blocked
   SIGTERM: UserHandler in libjvm.so, mask=11100100010111111101111111111110, flags=SA_RESTART|SA_SIGINFO, blocked
   SIGQUIT: UserHandler in libjvm.so, mask=11100100010111111101111111111110, flags=SA_RESTART|SA_SIGINFO, blocked
   SIGTRAP: crash_handler in libjvm.so, mask=11100100010111111101111111111110, flags=SA_RESTART|SA_SIGINFO, unblocked


Periodic native trim disabled

---------------  S Y S T E M  ---------------

OS:
DISTRIB_ID=Ubuntu
DISTRIB_RELEASE=24.04
DISTRIB_CODENAME=noble
DISTRIB_DESCRIPTION="Ubuntu 24.04.2 LTS"
uname: Linux 6.8.0-63-generic #66-Ubuntu SMP PREEMPT_DYNAMIC Fri Jun 13 20:25:30 UTC 2025 x86_64
OS uptime: 0 days 3:21 hours
libc: glibc 2.39 NPTL 2.39 
rlimit (soft/hard): STACK 8192k/infinity , CORE 0k/infinity , NPROC 63399/63399 , NOFILE 1048576/1048576 , AS infinity/infinity , CPU infinity/infinity , DATA infinity/infinity , FSIZE infinity/infinity , MEMLOCK 2038584k/2038584k
load average: 2.69 2.28 2.10

/proc/meminfo:
MemTotal:       16308700 kB
MemFree:         1053332 kB
MemAvailable:    7515640 kB
Buffers:          423324 kB
Cached:          6233572 kB
SwapCached:            0 kB
Active:         10792968 kB
Inactive:        3225652 kB
Active(anon):    7583272 kB
Inactive(anon):        0 kB
Active(file):    3209696 kB
Inactive(file):  3225652 kB
Unevictable:        1264 kB
Mlocked:              64 kB
SwapTotal:      20971516 kB
SwapFree:       20971516 kB
Zswap:                 0 kB
Zswapped:              0 kB
Dirty:              1548 kB
Writeback:             0 kB
AnonPages:       7362964 kB
Mapped:          2011584 kB
Shmem:            221548 kB
KReclaimable:     362568 kB
Slab:             796060 kB
SReclaimable:     362568 kB
SUnreclaim:       433492 kB
KernelStack:       26312 kB
PageTables:       103376 kB
SecPageTables:         0 kB
NFS_Unstable:          0 kB
Bounce:                0 kB
WritebackTmp:          0 kB
CommitLimit:    29125864 kB
Committed_AS:   44788284 kB
VmallocTotal:   34359738367 kB
VmallocUsed:      110620 kB
VmallocChunk:          0 kB
Percpu:             4544 kB
HardwareCorrupted:     0 kB
AnonHugePages:         0 kB
ShmemHugePages:        0 kB
ShmemPmdMapped:        0 kB
FileHugePages:         0 kB
FilePmdMapped:         0 kB
Unaccepted:            0 kB
HugePages_Total:       0
HugePages_Free:        0
HugePages_Rsvd:        0
HugePages_Surp:        0
Hugepagesize:       2048 kB
Hugetlb:               0 kB
DirectMap4k:      828428 kB
DirectMap2M:    15880192 kB
DirectMap1G:     1048576 kB

/sys/kernel/mm/transparent_hugepage/enabled: always [madvise] never
/sys/kernel/mm/transparent_hugepage/hpage_pmd_size: 2097152
/sys/kernel/mm/transparent_hugepage/defrag (defrag/compaction efforts parameter): always defer defer+madvise [madvise] never

Process Memory:
Virtual Size: 7188676K (peak: 7248712K)
Resident Set Size: 52568K (peak: 52568K) (anon: 25600K, file: 26968K, shmem: 0K)
Swapped out: 0K
C-Heap outstanding allocations: 18238K, retained: 2341K
glibc malloc tunables: (default)

/proc/sys/kernel/threads-max (system-wide limit on the number of threads): 126799
/proc/sys/vm/max_map_count (maximum number of memory map areas a process may have): 1048576
/proc/sys/vm/swappiness (control to define how aggressively the kernel swaps out anonymous memory): 60
/proc/sys/kernel/pid_max (system-wide limit on number of process identifiers): 4194304

container (cgroup) information:
container_type: cgroupv2
cpu_cpuset_cpus: not supported
cpu_memory_nodes: not supported
active_processor_count: 4
cpu_quota: not supported
cpu_period: not supported
cpu_shares: not supported
memory_limit_in_bytes: unlimited
memory_and_swap_limit_in_bytes: unlimited
memory_soft_limit_in_bytes: unlimited
memory_usage_in_bytes: 639392 k
memory_max_usage_in_bytes: not supported
memory_swap_current_in_bytes: unlimited
memory_swap_max_limit_in_bytes: unlimited
maximum number of tasks: 19019
current number of tasks: 84

Steal ticks since vm start: 0
Steal ticks percentage since vm start:  0.000

CPU: total 4 (initial active 4) (4 cores per cpu, 1 threads per core) family 6 model 60 stepping 3 microcode 0x28, cx8, cmov, fxsr, mmx, sse, sse2, sse3, ssse3, sse4.1, sse4.2, popcnt, lzcnt, tsc, tscinvbit, avx, avx2, aes, erms, clmul, bmi1, bmi2, fma, vzeroupper, clflush, rdtscp, f16c
CPU Model and flags from /proc/cpuinfo:
model name	: Intel(R) Core(TM) i5-4460  CPU @ 3.20GHz
flags		: fpu vme de pse tsc msr pae mce cx8 apic sep mtrr pge mca cmov pat pse36 clflush dts acpi mmx fxsr sse sse2 ss ht tm pbe syscall nx pdpe1gb rdtscp lm constant_tsc arch_perfmon pebs bts rep_good nopl xtopology nonstop_tsc cpuid aperfmperf pni pclmulqdq dtes64 monitor ds_cpl est tm2 ssse3 sdbg fma cx16 xtpr pdcm pcid sse4_1 sse4_2 x2apic movbe popcnt tsc_deadline_timer aes xsave avx f16c rdrand lahf_lm abm cpuid_fault epb pti ssbd ibrs ibpb stibp fsgsbase tsc_adjust bmi1 avx2 smep bmi2 erms invpcid xsaveopt dtherm ida arat pln pts md_clear flush_l1d

Online cpus: 0-3
Offline cpus: 
BIOS frequency limitation: <Not Available>
Frequency switch latency (ns): 20000
Available cpu frequencies: <Not Available>
Current governor: schedutil
Core performance/turbo boost: <Not Available>

Memory: 4k page, physical 16308700k(7515136k free), swap 20971516k(20971516k free)
Page Sizes: 4k

vm_info: OpenJDK 64-Bit Server VM (21.0.7+6-Ubuntu-0ubuntu124.04) for linux-amd64 JRE (21.0.7+6-Ubuntu-0ubuntu124.04), built on 2025-04-17T05:57:30Z by "buildd" with gcc 13.3.0

END.
